2022-07-09 11:15:53,672 INFO c.a.P.r.UsuarioREST [http-nio-8080-exec-2] RECUPERANDO USUARIOS DE LA BBDD
2022-07-09 19:29:36,709 INFO c.a.P.r.UsuarioREST [http-nio-8080-exec-8] RECUPERANDO USUARIOS DE LA BBDD
2022-07-09 19:30:57,145 INFO c.a.P.r.UsuarioREST [http-nio-8080-exec-9] RECUPERANDO USUARIOS DE LA BBDD
2022-07-09 19:32:07,939 INFO c.a.P.r.UsuarioREST [http-nio-8080-exec-5] CREANDO NUEVO USUARIO
2022-07-09 19:32:08,097 INFO c.a.P.r.UsuarioREST [http-nio-8080-exec-6] RECUPERANDO USUARIOS DE LA BBDD
2022-07-09 19:33:43,884 INFO c.a.P.r.UsuarioREST [http-nio-8080-exec-3] ELIMINANDO PERSONA CON ID 66
2022-07-09 19:34:09,600 INFO c.a.P.r.UsuarioREST [http-nio-8080-exec-2] RECUPERANDO USUARIOS DE LA BBDD
2022-07-09 19:34:21,512 INFO c.a.P.r.UsuarioREST [http-nio-8080-exec-1] OBTENIENDO PERSONA CON ID 51
2022-07-09 19:34:29,392 INFO c.a.P.r.UsuarioREST [http-nio-8080-exec-4] ACTUALIZANDO USUARIO CON ID 51
2022-07-09 19:34:29,577 INFO c.a.P.r.UsuarioREST [http-nio-8080-exec-8] RECUPERANDO USUARIOS DE LA BBDD
2022-07-10 12:34:43,295 INFO c.a.P.r.UsuarioREST [http-nio-8080-exec-1] RECUPERANDO USUARIOS DE LA BBDD
2022-07-10 12:40:53,191 INFO c.a.P.r.UsuarioREST [http-nio-8080-exec-1] RECUPERANDO USUARIOS DE LA BBDD
2022-07-10 12:51:36,175 INFO c.a.P.r.UsuarioREST [http-nio-8080-exec-8] RECUPERANDO USUARIOS DE LA BBDD
2022-07-10 12:52:46,189 INFO c.a.P.r.UsuarioREST [http-nio-8080-exec-9] ELIMINANDO PERSONA CON ID 46
2022-07-10 12:52:48,765 INFO c.a.P.r.UsuarioREST [http-nio-8080-exec-10] RECUPERANDO USUARIOS DE LA BBDD
2022-07-10 12:52:57,601 INFO c.a.P.r.UsuarioREST [http-nio-8080-exec-1] OBTENIENDO PERSONA CON ID 91
2022-07-10 12:53:08,388 INFO c.a.P.r.UsuarioREST [http-nio-8080-exec-2] ACTUALIZANDO USUARIO CON ID 91
2022-07-10 12:53:38,757 INFO c.a.P.r.UsuarioREST [http-nio-8080-exec-6] RECUPERANDO USUARIOS DE LA BBDD
2022-07-10 12:54:10,202 INFO c.a.P.r.UsuarioREST [http-nio-8080-exec-3] CREANDO NUEVO USUARIO
2022-07-10 12:54:14,884 INFO c.a.P.r.UsuarioREST [http-nio-8080-exec-5] RECUPERANDO USUARIOS DE LA BBDD
2022-07-10 12:54:44,328 INFO c.a.P.r.UsuarioREST [http-nio-8080-exec-8] OBTENIENDO PERSONA CON ID 29
2022-07-10 13:10:08,278 INFO c.a.P.r.UsuarioREST [http-nio-8080-exec-7] RECUPERANDO USUARIOS DE LA BBDD
2022-07-10 13:10:36,281 INFO c.a.P.r.UsuarioREST [http-nio-8080-exec-9] CREANDO NUEVO USUARIO
2022-07-10 13:11:09,633 INFO c.a.P.r.UsuarioREST [http-nio-8080-exec-10] RECUPERANDO USUARIOS DE LA BBDD
2022-07-10 13:11:25,272 INFO c.a.P.r.UsuarioREST [http-nio-8080-exec-1] CREANDO NUEVO USUARIO
2022-07-10 13:22:14,643 INFO c.a.P.r.UsuarioREST [http-nio-8080-exec-6] RECUPERANDO USUARIOS DE LA BBDD
2022-07-10 13:22:27,582 INFO c.a.P.r.UsuarioREST [http-nio-8080-exec-8] OBTENIENDO PERSONA CON ID 29
2022-07-10 13:25:57,882 INFO c.a.P.r.UsuarioREST [http-nio-8080-exec-10] ELIMINANDO PERSONA CON ID 90
2022-07-10 13:28:03,233 INFO c.a.P.r.UsuarioREST [http-nio-8080-exec-1] ACTUALIZANDO USUARIO CON ID 91
2022-07-10 13:48:37,089 INFO c.a.P.r.UsuarioREST [http-nio-8080-exec-5] RECUPERANDO USUARIOS DE LA BBDD
2022-07-10 13:49:29,127 INFO c.a.P.r.UsuarioREST [http-nio-8080-exec-7] OBTENIENDO PERSONA CON ID 39
2022-07-10 13:50:02,515 INFO c.a.P.r.UsuarioREST [http-nio-8080-exec-9] ELIMINANDO PERSONA CON ID 37
2022-07-10 13:51:55,275 INFO c.a.P.r.UsuarioREST [http-nio-8080-exec-1] ACTUALIZANDO USUARIO CON ID 44
2022-07-10 13:53:10,239 INFO c.a.P.r.UsuarioREST [http-nio-8080-exec-3] CREANDO NUEVO USUARIO
2022-07-10 13:55:17,298 INFO c.a.P.r.UsuarioREST [http-nio-8080-exec-5] RECUPERANDO USUARIOS DE LA BBDD
2022-07-10 13:55:25,724 INFO c.a.P.r.UsuarioREST [http-nio-8080-exec-6] OBTENIENDO PERSONA CON ID 29
2022-07-10 13:55:34,099 INFO c.a.P.r.UsuarioREST [http-nio-8080-exec-7] ACTUALIZANDO USUARIO CON ID 29
2022-07-10 13:55:34,151 INFO c.a.P.r.UsuarioREST [http-nio-8080-exec-8] RECUPERANDO USUARIOS DE LA BBDD
2022-07-10 13:56:43,340 INFO c.a.P.r.UsuarioREST [http-nio-8080-exec-10] CREANDO NUEVO USUARIO
2022-07-10 13:56:43,388 INFO c.a.P.r.UsuarioREST [http-nio-8080-exec-1] RECUPERANDO USUARIOS DE LA BBDD
2022-07-10 13:57:11,132 INFO c.a.P.r.UsuarioREST [http-nio-8080-exec-2] OBTENIENDO PERSONA CON ID 93
2022-07-10 13:57:21,810 INFO c.a.P.r.UsuarioREST [http-nio-8080-exec-3] ACTUALIZANDO USUARIO CON ID 93
2022-07-10 13:57:21,873 INFO c.a.P.r.UsuarioREST [http-nio-8080-exec-4] RECUPERANDO USUARIOS DE LA BBDD
2022-07-10 13:57:38,607 INFO c.a.P.r.UsuarioREST [http-nio-8080-exec-5] ELIMINANDO PERSONA CON ID 93
2022-07-10 13:57:38,680 INFO c.a.P.r.UsuarioREST [http-nio-8080-exec-6] RECUPERANDO USUARIOS DE LA BBDD
2022-07-10 14:07:19,550 INFO c.a.P.r.UsuarioREST [http-nio-8080-exec-8] RECUPERANDO USUARIOS DE LA BBDD
2022-07-10 14:07:37,425 INFO c.a.P.r.UsuarioREST [http-nio-8080-exec-9] OBTENIENDO PERSONA CON ID 29
2022-07-10 14:07:56,180 INFO c.a.P.r.UsuarioREST [http-nio-8080-exec-10] ACTUALIZANDO USUARIO CON ID 29
2022-07-10 14:07:56,433 INFO c.a.P.r.UsuarioREST [http-nio-8080-exec-1] RECUPERANDO USUARIOS DE LA BBDD
2022-07-10 14:08:57,390 INFO c.a.P.r.UsuarioREST [http-nio-8080-exec-3] CREANDO NUEVO USUARIO
2022-07-10 14:08:57,429 INFO c.a.P.r.UsuarioREST [http-nio-8080-exec-4] RECUPERANDO USUARIOS DE LA BBDD
2022-07-10 14:09:28,752 INFO c.a.P.r.UsuarioREST [http-nio-8080-exec-5] ELIMINANDO PERSONA CON ID 92
2022-07-10 14:09:28,852 INFO c.a.P.r.UsuarioREST [http-nio-8080-exec-6] RECUPERANDO USUARIOS DE LA BBDD
2022-07-10 14:11:24,098 INFO c.a.P.r.UsuarioREST [http-nio-8080-exec-8] ELIMINANDO PERSONA CON ID 94
2022-07-10 14:11:27,288 INFO c.a.P.r.UsuarioREST [http-nio-8080-exec-9] RECUPERANDO USUARIOS DE LA BBDD
2022-07-10 14:17:50,964 INFO c.a.P.r.UsuarioREST [http-nio-8080-exec-1] RECUPERANDO USUARIOS DE LA BBDD
2022-07-10 14:18:40,939 INFO c.a.P.r.UsuarioREST [http-nio-8080-exec-2] CREANDO NUEVO USUARIO
2022-07-10 14:18:41,086 INFO c.a.P.r.UsuarioREST [http-nio-8080-exec-3] RECUPERANDO USUARIOS DE LA BBDD
2022-07-10 14:19:09,379 INFO c.a.P.r.UsuarioREST [http-nio-8080-exec-4] OBTENIENDO PERSONA CON ID 95
2022-07-10 14:19:15,445 INFO c.a.P.r.UsuarioREST [http-nio-8080-exec-5] ACTUALIZANDO USUARIO CON ID 95
2022-07-10 14:19:15,579 INFO c.a.P.r.UsuarioREST [http-nio-8080-exec-6] RECUPERANDO USUARIOS DE LA BBDD
2022-07-10 14:19:50,373 INFO c.a.P.r.UsuarioREST [http-nio-8080-exec-7] ELIMINANDO PERSONA CON ID 95
2022-07-10 14:19:50,454 INFO c.a.P.r.UsuarioREST [http-nio-8080-exec-8] RECUPERANDO USUARIOS DE LA BBDD
2022-07-10 14:20:26,410 INFO c.a.P.r.UsuarioREST [http-nio-8080-exec-9] ELIMINANDO PERSONA CON ID 91
2022-07-10 14:20:30,681 INFO c.a.P.r.UsuarioREST [http-nio-8080-exec-10] RECUPERANDO USUARIOS DE LA BBDD
2022-07-30 16:27:40,920 INFO c.a.P.r.UsuarioREST [http-nio-8080-exec-5] RECUPERANDO USUARIOS DE LA BBDD
2022-07-30 16:28:02,193 INFO c.a.P.r.UsuarioREST [http-nio-8080-exec-8] OBTENIENDO PERSONA CON ID 10
2022-07-30 16:49:56,303 INFO c.a.P.r.UsuarioREST [http-nio-8080-exec-5] RECUPERANDO USUARIOS DE LA BBDD
2022-07-30 17:06:04,726 INFO c.a.P.r.UsuarioREST [http-nio-8080-exec-8] RECUPERANDO USUARIOS DE LA BBDD
